[debug] [2021-08-21T15:31:39.723Z] ----------------------------------------------------------------------
[debug] [2021-08-21T15:31:39.725Z] Command:       C:\Program Files\nodejs\node.exe C:\Users\Dell\AppData\Roaming\npm\node_modules\firebase-tools\lib\bin\firebase.js init
[debug] [2021-08-21T15:31:39.726Z] CLI Version:   9.16.5
[debug] [2021-08-21T15:31:39.726Z] Platform:      win32
[debug] [2021-08-21T15:31:39.726Z] Node Version:  v14.15.3
[debug] [2021-08-21T15:31:39.727Z] Time:          Sat Aug 21 2021 21:31:39 GMT+0600 (Bangladesh Standard Time)
[debug] [2021-08-21T15:31:39.727Z] ----------------------------------------------------------------------
[debug] 
[debug] [2021-08-21T15:31:39.734Z] > command requires scopes: ["email","openid","https://www.googleapis.com/auth/cloudplatformprojects.readonly","https://www.googleapis.com/auth/firebase","https://www.googleapis.com/auth/cloud-platform"]
[debug] [2021-08-21T15:31:39.734Z] > authorizing via signed-in user (jany.java@gmail.com)
[info] 
     ######## #### ########  ######## ########     ###     ######  ########
     ##        ##  ##     ## ##       ##     ##  ##   ##  ##       ##
     ######    ##  ########  ######   ########  #########  ######  ######
     ##        ##  ##    ##  ##       ##     ## ##     ##       ## ##
     ##       #### ##     ## ######## ########  ##     ##  ######  ########

You're about to initialize a Firebase project in this directory:

  F:\webDevelopment\photography-service

[info] 
=== Project Setup
[info] 
[info] First, let's associate this project directory with a Firebase project.
[info] You can create multiple project aliases by running firebase use --add, 
[info] but for now we'll just set up a default project.
[info] 
[debug] [2021-08-21T15:31:57.408Z] >>> [apiv2][query] GET https://firebase.googleapis.com/v1beta1/projects pageSize=100
[debug] [2021-08-21T15:31:58.934Z] <<< [apiv2][status] GET https://firebase.googleapis.com/v1beta1/projects 200
[debug] [2021-08-21T15:31:58.934Z] <<< [apiv2][body] GET https://firebase.googleapis.com/v1beta1/projects [omitted]
[info] i  Using project burj-al-arab-after-auth-dd37e (burj-al-arab-after-auth) 
[info] 
=== Hosting Setup
[info] 
[info] Your public directory is the folder (relative to your project directory) that
[info] will contain Hosting assets to be uploaded with firebase deploy. If you
[info] have a build process for your assets, use your build's output directory.
[info] 
[info] +  Wrote build/404.html 
[debug] [2021-08-21T15:32:31.436Z] >>> [apiv2][query] GET https://www.gstatic.com/firebasejs/releases.json [none]
[debug] [2021-08-21T15:32:32.314Z] <<< [apiv2][status] GET https://www.gstatic.com/firebasejs/releases.json 200
[debug] [2021-08-21T15:32:32.314Z] <<< [apiv2][body] GET https://www.gstatic.com/firebasejs/releases.json {"current":{"version":"8.10.0","browserURL":"https://www.gstatic.com/firebasejs/8.10.0/firebase.js","packageURL":"https://www.gstatic.com/firebasejs/8.10.0/firebase.tgz"},"live":{"version":"8.10","browserURL":"https://www.gstatic.com/firebasejs/live/8.10/firebase.js","packageURL":"https://www.gstatic.com/firebasejs/live/8.10/firebase.tgz"},"components":{"analytics":"https://www.gstatic.com/firebasejs/8.10.0/firebase-analytics.js","app":"https://www.gstatic.com/firebasejs/8.10.0/firebase-app.js","app-check":"https://www.gstatic.com/firebasejs/8.10.0/firebase-app-check.js","auth":"https://www.gstatic.com/firebasejs/8.10.0/firebase-auth.js","database":"https://www.gstatic.com/firebasejs/8.10.0/firebase-database.js","firestore":"https://www.gstatic.com/firebasejs/8.10.0/firebase-firestore.js","functions":"https://www.gstatic.com/firebasejs/8.10.0/firebase-functions.js","installations":"https://www.gstatic.com/firebasejs/8.10.0/firebase-installations.js","messaging":"https://www.gstatic.com/firebasejs/8.10.0/firebase-messaging.js","storage":"https://www.gstatic.com/firebasejs/8.10.0/firebase-storage.js","performance":"https://www.gstatic.com/firebasejs/8.10.0/firebase-performance.js","remote-config":"https://www.gstatic.com/firebasejs/8.10.0/firebase-remote-config.js","firestore.memory":"https://www.gstatic.com/firebasejs/8.10.0/firebase-firestore.memory.js"}}
[info] +  Wrote build/index.html 
[info] 
[info] i  Detected a .git folder at F:\webDevelopment\photography-service 
[info] i  Authorizing with GitHub to upload your service account to a GitHub repository's secrets store. 
[info] 
[info] Visit this URL on this device to log in:
[info] https://github.com/login/oauth/authorize?client_id=89cf50f02ac6aaed3484&state=1032853145&redirect_uri=http%3A%2F%2Flocalhost%3A9005&scope=read%3Auser%20repo%20public_repo
[info] 
[info] Waiting for authentication...
[debug] [2021-08-21T15:32:34.622Z] >>> HTTP REQUEST POST https://github.com/login/oauth/access_token  
 {"client_id":"89cf50f02ac6aaed3484","client_secret":"3330d14abc895d9a74d5f17cd7a00711fa2c5bf0","code":"cf8424c26632c8d73ed1","redirect_uri":"http://localhost:9005","state":"1032853145"}
[debug] [2021-08-21T15:32:36.836Z] <<< HTTP RESPONSE 200 {"server":"GitHub.com","date":"Sat, 21 Aug 2021 15:32:35 GMT","content-type":"application/json; charset=utf-8","transfer-encoding":"chunked","vary":"X-PJAX, Accept-Encoding, Accept, X-Requested-With","permissions-policy":"interest-cohort=()","etag":"W/\"6d13938f0eaca053f57e12a3df24d0f5\"","cache-control":"max-age=0, private, must-revalidate","strict-transport-security":"max-age=31536000; includeSubdomains; preload","x-frame-options":"deny","x-content-type-options":"nosniff","x-xss-protection":"0","referrer-policy":"origin-when-cross-origin, strict-origin-when-cross-origin","expect-ct":"max-age=2592000, report-uri=\"https://api.github.com/_private/browser/errors\"","content-security-policy":"default-src 'none'; base-uri 'self'; block-all-mixed-content; connect-src 'self' uploads.github.com www.githubstatus.com collector.githubapp.com api.github.com github-cloud.s3.amazonaws.com github-production-repository-file-5c1aeb.s3.amazonaws.com github-production-upload-manifest-file-7fdce7.s3.amazonaws.com github-production-user-asset-6210df.s3.amazonaws.com cdn.optimizely.com logx.optimizely.com/v1/events translator.github.com wss://alive.github.com; font-src github.githubassets.com; form-action 'self' github.com gist.github.com; frame-ancestors 'none'; frame-src render.githubusercontent.com viewscreen.githubusercontent.com; img-src 'self' data: github.githubassets.com identicons.github.com collector.githubapp.com github-cloud.s3.amazonaws.com secured-user-images.githubusercontent.com/ *.githubusercontent.com; manifest-src 'self'; media-src 'none'; script-src github.githubassets.com; style-src 'unsafe-inline' github.githubassets.com; worker-src github.com/socket-worker-3f088aa2.js gist.github.com/socket-worker-3f088aa2.js","x-github-request-id":"E3F8:194C:2ECAED:3EC9DD:61211C93"}
[debug] [2021-08-21T15:32:36.844Z] >>> [apiv2][query] GET https://api.github.com/user [none]
[debug] [2021-08-21T15:32:39.158Z] <<< [apiv2][status] GET https://api.github.com/user 200
[debug] [2021-08-21T15:32:39.159Z] <<< [apiv2][body] GET https://api.github.com/user {"login":"jany-coder","id":76787731,"node_id":"MDQ6VXNlcjc2Nzg3NzMx","avatar_url":"https://avatars.githubusercontent.com/u/76787731?v=4","gravatar_id":"","url":"https://api.github.com/users/jany-coder","html_url":"https://github.com/jany-coder","followers_url":"https://api.github.com/users/jany-coder/followers","following_url":"https://api.github.com/users/jany-coder/following{/other_user}","gists_url":"https://api.github.com/users/jany-coder/gists{/gist_id}","starred_url":"https://api.github.com/users/jany-coder/starred{/owner}{/repo}","subscriptions_url":"https://api.github.com/users/jany-coder/subscriptions","organizations_url":"https://api.github.com/users/jany-coder/orgs","repos_url":"https://api.github.com/users/jany-coder/repos","events_url":"https://api.github.com/users/jany-coder/events{/privacy}","received_events_url":"https://api.github.com/users/jany-coder/received_events","type":"User","site_admin":false,"name":"Md. Azizul Haque Jany","company":null,"blog":"https://my-portfolio-f6427.web.app/","location":"Savar, Dhaka","email":null,"hireable":null,"bio":"if (sad( )===true) {\r\nsad().stop();\r\nbeAwesome();\r\n}\r\n\r\n","twitter_username":"Shawpnochari","public_repos":42,"public_gists":0,"followers":1,"following":2,"created_at":"2020-12-30T17:28:58Z","updated_at":"2021-08-02T14:30:33Z","private_gists":0,"total_private_repos":0,"owned_private_repos":0,"disk_usage":113578,"collaborators":0,"two_factor_authentication":false,"plan":{"name":"free","space":976562499,"collaborators":0,"private_repos":10000}}
[info] 
[info] +  Success! Logged into GitHub as jany-coder 
[info] 
